#
# There is insufficient memory for the Java Runtime Environment to continue.
# Native memory allocation (malloc) failed to allocate 436736 bytes for Chunk::new
# Possible reasons:
#   The system is out of physical RAM or swap space
#   The process is running with CompressedOops enabled, and the Java Heap may be blocking the growth of the native heap
# Possible solutions:
#   Reduce memory load on the system
#   Increase physical memory or swap space
#   Check if swap backing store is full
#   Decrease Java heap size (-Xmx/-Xms)
#   Decrease number of Java threads
#   Decrease Java thread stack sizes (-Xss)
#   Set larger code cache with -XX:ReservedCodeCacheSize=
#   JVM is running with Unscaled Compressed Oops mode in which the Java heap is
#     placed in the first 4GB address space. The Java Heap base address is the
#     maximum limit for the native heap growth. Please use -XX:HeapBaseMinAddress
#     to set the Java Heap base and to place the Java Heap above 4GB virtual address.
# This output file may be truncated or incomplete.
#
#  Out of Memory Error (allocation.cpp:389), pid=21308, tid=0x0000000000003c64
#
# JRE version: OpenJDK Runtime Environment (8.0_202-b03) (build 1.8.0_202-release-1483-b03)
# Java VM: OpenJDK 64-Bit Server VM (25.202-b03 mixed mode windows-amd64 compressed oops)
# Failed to write core dump. Minidumps are not enabled by default on client versions of Windows
#

---------------  T H R E A D  ---------------

Current thread (0x0000000018ff2800):  JavaThread "C2 CompilerThread0" daemon [_thread_in_native, id=15460, stack(0x00000000197f0000,0x00000000198f0000)]

Stack: [0x00000000197f0000,0x00000000198f0000]
[error occurred during error reporting (printing stack bounds), id 0xc0000005]

Native frames: (J=compiled Java code, j=interpreted, Vv=VM code, C=native code)


Current CompileTask:
C2:  44584 15795   !   4       com.google.common.cache.LocalCache$Segment::storeLoadedValue (371 bytes)


---------------  P R O C E S S  ---------------

Java Threads: ( => current thread )
  0x000000001f1cd000 JavaThread "Cache worker for Java compile cache (C:\Users\LeeJongBeom\AndroidStudioProjects\ComshelinGuide\.gradle\5.4.1\javaCompile)" [_thread_blocked, id=27796, stack(0x00000000293e0000,0x00000000294e0000)]
  0x000000001f1cc800 JavaThread "Cache worker for Java compile cache (C:\Users\LeeJongBeom\.gradle\caches\5.4.1\javaCompile)" [_thread_blocked, id=22272, stack(0x00000000291e0000,0x00000000292e0000)]
  0x000000001a689000 JavaThread "ForkJoinPool.commonPool-worker-5" daemon [_thread_blocked, id=25400, stack(0x00000000292e0000,0x00000000293e0000)]
  0x000000001a67f800 JavaThread "ForkJoinPool.commonPool-worker-3" daemon [_thread_blocked, id=19816, stack(0x00000000290e0000,0x00000000291e0000)]
  0x000000001a684000 JavaThread "ForkJoinPool.commonPool-worker-2" daemon [_thread_blocked, id=2952, stack(0x0000000028fe0000,0x00000000290e0000)]
  0x000000001a683000 JavaThread "ForkJoinPool.commonPool-worker-1" daemon [_thread_blocked, id=19760, stack(0x0000000028ee0000,0x0000000028fe0000)]
  0x000000001a684800 JavaThread "stdout" [_thread_in_native, id=11156, stack(0x0000000028be0000,0x0000000028ce0000)]
  0x000000001a682800 JavaThread "stderr" [_thread_in_native, id=7764, stack(0x0000000028ae0000,0x0000000028be0000)]
  0x000000001a685800 JavaThread "stdout" [_thread_in_native, id=10148, stack(0x00000000289e0000,0x0000000028ae0000)]
  0x000000001a681800 JavaThread "stderr" [_thread_in_native, id=18488, stack(0x00000000288e0000,0x00000000289e0000)]
  0x000000001a681000 JavaThread "stdout" [_thread_in_native, id=23084, stack(0x00000000287e0000,0x00000000288e0000)]
  0x000000001a680000 JavaThread "stderr" [_thread_in_native, id=17788, stack(0x00000000286e0000,0x00000000287e0000)]
  0x000000001dbeb000 JavaThread "stdout" [_thread_in_native, id=11636, stack(0x00000000285e0000,0x00000000286e0000)]
  0x0000000019e48000 JavaThread "stderr" [_thread_in_native, id=28208, stack(0x00000000284e0000,0x00000000285e0000)]
  0x000000001a197800 JavaThread "stdout" [_thread_in_native, id=19848, stack(0x00000000283e0000,0x00000000284e0000)]
  0x000000001a196800 JavaThread "stderr" [_thread_in_native, id=16640, stack(0x00000000282e0000,0x00000000283e0000)]
  0x000000001a193800 JavaThread "stdout" [_thread_in_native, id=24808, stack(0x00000000281e0000,0x00000000282e0000)]
  0x000000001a196000 JavaThread "stderr" [_thread_in_native, id=24424, stack(0x00000000280e0000,0x00000000281e0000)]
  0x000000001a193000 JavaThread "stdout" [_thread_in_native, id=23468, stack(0x0000000027fe0000,0x00000000280e0000)]
  0x000000001a198000 JavaThread "stderr" [_thread_in_native, id=4828, stack(0x0000000027ee0000,0x0000000027fe0000)]
  0x000000001a195000 JavaThread "pool-3-thread-1" [_thread_blocked, id=23676, stack(0x0000000026da0000,0x0000000026ea0000)]
  0x000000001a199000 JavaThread "MarlinRenderer Disposer" daemon [_thread_blocked, id=18016, stack(0x0000000026ca0000,0x0000000026da0000)]
  0x000000001a30b000 JavaThread "Java2D Disposer" daemon [_thread_blocked, id=20016, stack(0x0000000026b70000,0x0000000026c70000)]
  0x000000001dbf9800 JavaThread "WorkerExecutor Queue Thread 8" [_thread_blocked, id=26460, stack(0x0000000026870000,0x0000000026970000)]
  0x000000001dbf8800 JavaThread "WorkerExecutor Queue Thread 7" [_thread_blocked, id=23240, stack(0x0000000026770000,0x0000000026870000)]
  0x000000001dbf8000 JavaThread "WorkerExecutor Queue Thread 6" [_thread_blocked, id=27092, stack(0x0000000026670000,0x0000000026770000)]
  0x000000001dbf7000 JavaThread "WorkerExecutor Queue Thread 5" [_thread_blocked, id=25784, stack(0x0000000026570000,0x0000000026670000)]
  0x000000001dbf5800 JavaThread "WorkerExecutor Queue Thread 4" [_thread_blocked, id=17064, stack(0x0000000026470000,0x0000000026570000)]
  0x000000001dbf2800 JavaThread "WorkerExecutor Queue Thread 3" [_thread_blocked, id=26012, stack(0x0000000026370000,0x0000000026470000)]
  0x000000001dbf2000 JavaThread "Cache worker for execution history cache (C:\Users\LeeJongBeom\AndroidStudioProjects\ComshelinGuide\.gradle\5.4.1\executionHistory)" [_thread_blocked, id=18760, stack(0x0000000025f70000,0x0000000026070000)]
  0x000000001dbea800 JavaThread "Execution worker for ':' Thread 7" [_thread_blocked, id=11496, stack(0x0000000025d10000,0x0000000025e10000)]
  0x000000001dbf1000 JavaThread "Execution worker for ':' Thread 6" [_thread_blocked, id=28096, stack(0x0000000025c10000,0x0000000025d10000)]
  0x000000001dbef800 JavaThread "Execution worker for ':' Thread 5" [_thread_blocked, id=27756, stack(0x0000000025b10000,0x0000000025c10000)]
  0x000000001dbee000 JavaThread "Execution worker for ':' Thread 4" [_thread_in_native, id=8264, stack(0x0000000025a10000,0x0000000025b10000)]
  0x000000001dbec000 JavaThread "Execution worker for ':' Thread 3" [_thread_blocked, id=22372, stack(0x0000000025910000,0x0000000025a10000)]
  0x000000001dbf0800 JavaThread "Execution worker for ':' Thread 2" [_thread_blocked, id=10252, stack(0x0000000025510000,0x0000000025610000)]
  0x0000000019e50800 JavaThread "Execution worker for ':'" [_thread_blocked, id=17184, stack(0x0000000025410000,0x0000000025510000)]
  0x0000000019e4c800 JavaThread "Cache worker for file content cache (C:\Users\LeeJongBeom\AndroidStudioProjects\ComshelinGuide\.gradle\5.4.1\fileContent)" [_thread_blocked, id=25228, stack(0x0000000025110000,0x0000000025210000)]
  0x0000000019e4f800 JavaThread "Cache worker for file content cache (C:\Users\LeeJongBeom\.gradle\caches\5.4.1\fileContent)" [_thread_blocked, id=13252, stack(0x0000000025010000,0x0000000025110000)]
  0x0000000019e4c000 JavaThread "Cache worker for Build Output Cleanup Cache (C:\Users\LeeJongBeom\AndroidStudioProjects\ComshelinGuide\.gradle\buildOutputCleanup)" [_thread_blocked, id=22884, stack(0x0000000024f10000,0x0000000025010000)]
  0x0000000019e4f000 JavaThread "Build operations Thread 8" [_thread_blocked, id=24036, stack(0x00000000249a0000,0x0000000024aa0000)]
  0x0000000019e4e000 JavaThread "Build operations Thread 7" [_thread_blocked, id=18984, stack(0x0000000023720000,0x0000000023820000)]
  0x0000000019e4d800 JavaThread "Build operations Thread 6" [_thread_blocked, id=24292, stack(0x0000000023620000,0x0000000023720000)]
  0x0000000019e4b000 JavaThread "Build operations Thread 5" [_thread_blocked, id=19176, stack(0x0000000023520000,0x0000000023620000)]
  0x0000000019e44000 JavaThread "Build operations Thread 4" [_thread_blocked, id=21888, stack(0x0000000023420000,0x0000000023520000)]
  0x0000000019e4a800 JavaThread "Build operations Thread 3" [_thread_blocked, id=2840, stack(0x0000000023320000,0x0000000023420000)]
  0x0000000019e42800 JavaThread "Build operations Thread 2" [_thread_blocked, id=19012, stack(0x0000000023220000,0x0000000023320000)]
  0x0000000019e49800 JavaThread "Build operations" [_thread_blocked, id=22544, stack(0x0000000023120000,0x0000000023220000)]
  0x0000000019e42000 JavaThread "Cache worker for cache directory md-rule (C:\Users\LeeJongBeom\.gradle\caches\5.4.1\md-rule)" [_thread_blocked, id=7232, stack(0x0000000023020000,0x0000000023120000)]
  0x0000000019e48800 JavaThread "Cache worker for cache directory md-supplier (C:\Users\LeeJongBeom\.gradle\caches\5.4.1\md-supplier)" [_thread_blocked, id=13208, stack(0x0000000022f20000,0x0000000023020000)]
  0x0000000019e41000 JavaThread "Cache worker for file hash cache (C:\Users\LeeJongBeom\AndroidStudioProjects\ComshelinGuide\.gradle\5.4.1\fileHashes)" [_thread_in_Java, id=17320, stack(0x0000000020410000,0x0000000020510000)]
  0x0000000019e43800 JavaThread "Thread-38" [_thread_blocked, id=15380, stack(0x0000000020310000,0x0000000020410000)]
  0x0000000019e47000 JavaThread "Stdin handler" [_thread_blocked, id=15588, stack(0x000000001fc10000,0x000000001fd10000)]
  0x0000000019e46800 JavaThread "Asynchronous log dispatcher for DefaultDaemonConnection: socket connection from /127.0.0.1:13772 to /127.0.0.1:13803" [_thread_blocked, id=8736, stack(0x000000001d170000,0x000000001d270000)]
  0x0000000019e45800 JavaThread "Cancel handler" [_thread_blocked, id=25324, stack(0x000000001cf70000,0x000000001d070000)]
  0x0000000019e45000 JavaThread "Handler for socket connection from /127.0.0.1:13772 to /127.0.0.1:13803" [_thread_in_native, id=25744, stack(0x000000001cc70000,0x000000001cd70000)]
  0x000000001dbf5000 JavaThread "Memory manager" [_thread_blocked, id=5960, stack(0x0000000024070000,0x0000000024170000)]
  0x000000001dbef000 JavaThread "Cache worker for execution history cache (C:\Users\LeeJongBeom\.gradle\caches\5.4.1\executionHistory)" [_thread_blocked, id=27104, stack(0x0000000021510000,0x0000000021610000)]
  0x000000001a308000 JavaThread "Cache worker for journal cache (C:\Users\LeeJongBeom\.gradle\caches\journal-1)" [_thread_blocked, id=15560, stack(0x000000001d770000,0x000000001d870000)]
  0x000000001a30c800 JavaThread "File lock request listener" [_thread_in_native, id=25728, stack(0x000000001d670000,0x000000001d770000)]
  0x0000000019fd1000 JavaThread "Cache worker for file hash cache (C:\Users\LeeJongBeom\.gradle\caches\5.4.1\fileHashes)" [_thread_blocked, id=25356, stack(0x000000001d570000,0x000000001d670000)]
  0x000000001acf5000 JavaThread "Daemon worker" [_thread_blocked, id=26744, stack(0x000000001d070000,0x000000001d170000)]
  0x000000001b895800 JavaThread "Daemon" [_thread_blocked, id=22408, stack(0x000000001cb70000,0x000000001cc70000)]
  0x000000001aea2800 JavaThread "Daemon periodic checks" [_thread_blocked, id=5520, stack(0x000000001ca70000,0x000000001cb70000)]
  0x000000001aea0800 JavaThread "Incoming local TCP Connector on port 13772" [_thread_in_native, id=14684, stack(0x000000001c890000,0x000000001c990000)]
  0x000000001b15c800 JavaThread "Daemon health stats" [_thread_blocked, id=13400, stack(0x000000001c590000,0x000000001c690000)]
  0x000000001908d800 JavaThread "Service Thread" daemon [_thread_blocked, id=23628, stack(0x0000000019bf0000,0x0000000019cf0000)]
  0x0000000019018000 JavaThread "C1 CompilerThread3" daemon [_thread_blocked, id=15740, stack(0x0000000019af0000,0x0000000019bf0000)]
  0x0000000018ffc800 JavaThread "C2 CompilerThread2" daemon [_thread_in_native, id=23828, stack(0x00000000199f0000,0x0000000019af0000)]
  0x0000000018ff5800 JavaThread "C2 CompilerThread1" daemon [_thread_blocked, id=21112, stack(0x00000000198f0000,0x00000000199f0000)]
=>0x0000000018ff2800 JavaThread "C2 CompilerThread0" daemon [_thread_in_native, id=15460, stack(0x00000000197f0000,0x00000000198f0000)]
  0x0000000018ff1000 JavaThread "Attach Listener" daemon [_thread_blocked, id=18668, stack(0x00000000196f0000,0x00000000197f0000)]
  0x0000000018f9f000 JavaThread "Signal Dispatcher" daemon [_thread_blocked, id=20964, stack(0x00000000195f0000,0x00000000196f0000)]
  0x00000000033bd000 JavaThread "Finalizer" daemon [_thread_blocked, id=26484, stack(0x0000000019460000,0x0000000019560000)]
  0x000000001717c000 JavaThread "Reference Handler" daemon [_thread_blocked, id=20100, stack(0x0000000019360000,0x0000000019460000)]
  0x00000000032c2800 JavaThread "main" [_thread_blocked, id=10492, stack(0x00000000031c0000,0x00000000032c0000)]

Other Threads:
  0x0000000017176000 VMThread [stack: 0x0000000018e60000,0x0000000018f60000] [id=1672]
  0x000000001908e000 WatcherThread [stack: 0x0000000019cf0000,0x0000000019df0000] [id=27348]

VM state:not at safepoint (normal execution)

VM Mutex/Monitor currently owned by a thread: None

heap address: 0x00000000a0000000, size: 1536 MB, Compressed Oops mode: 32-bit
Narrow klass base: 0x0000000000000000, Narrow klass shift: 3
Compressed class space size: 1073741824 Address: 0x0000000100000000

Heap:
 PSYoungGen      total 340992K, used 308648K [0x00000000e0000000, 0x00000000f7700000, 0x0000000100000000)
  eden space 305152K, 90% used [0x00000000e0000000,0x00000000f0f00c40,0x00000000f2a00000)
  from space 35840K, 86% used [0x00000000f5400000,0x00000000f72696b8,0x00000000f7700000)
  to   space 39424K, 0% used [0x00000000f2a00000,0x00000000f2a00000,0x00000000f5080000)
 ParOldGen       total 144384K, used 95724K [0x00000000a0000000, 0x00000000a8d00000, 0x00000000e0000000)
  object space 144384K, 66% used [0x00000000a0000000,0x00000000a5d7b268,0x00000000a8d00000)
 Metaspace       used 85672K, capacity 88698K, committed 88920K, reserved 1126400K
  class space    used 10991K, capacity 11610K, committed 11648K, reserved 1048576K

Card table byte_map: [0x0000000012780000,0x0000000012a90000] byte_map_base: 0x0000000012280000

Marking Bits: (ParMarkBitMap*) 0x000000005a719f30
 Begin Bits: [0x0000000013490000, 0x0000000014c90000)
 End Bits:   [0x0000000014c90000, 0x0000000016490000)

Polling page: 0x0000000001050000

CodeCache: size=245760Kb used=44952Kb max_used=46225Kb free=200807Kb
 bounds [0x00000000033c0000, 0x0000000006120000, 0x00000000123c0000]
 total_blobs=14214 nmethods=13245 adapters=878
 compilation: enabled

Compilation events (10 events):
Event: 44.364 Thread 0x0000000019018000 15791       1       com.google.common.cache.LocalCache$StrongAccessEntry::getAccessTime (5 bytes)
Event: 44.365 Thread 0x0000000019018000 nmethod 15791 0x00000000044cc050 code [0x00000000044cc1a0, 0x00000000044cc2b0]
Event: 44.392 Thread 0x0000000018ff2800 15792       4       org.gradle.internal.io.StreamByteBuffer::<init> (76 bytes)
Event: 44.400 Thread 0x0000000018ff2800 nmethod 15792 0x00000000048f1110 code [0x00000000048f1280, 0x00000000048f1618]
Event: 44.447 Thread 0x0000000018ffc800 15793   !   4       com.google.common.cache.LocalCache$Segment::put (439 bytes)
Event: 44.511 Thread 0x0000000018ff5800 15794       4       java.util.concurrent.ConcurrentLinkedQueue::offer (115 bytes)
Event: 44.515 Thread 0x0000000018ff5800 nmethod 15794 0x00000000044493d0 code [0x0000000004449520, 0x0000000004449718]
Event: 44.516 Thread 0x0000000018ff2800 15795   !   4       com.google.common.cache.LocalCache$Segment::storeLoadedValue (371 bytes)
Event: 44.530 Thread 0x0000000018ff5800 15796       4       com.google.common.cache.LocalCache$LoadingValueReference::notifyNewValue (21 bytes)
Event: 44.533 Thread 0x0000000018ff5800 nmethod 15796 0x000000000374c690 code [0x000000000374c7e0, 0x000000000374c958]

GC Heap History (10 events):
Event: 11.094 GC heap before
{Heap before GC invocations=13 (full 3):
 PSYoungGen      total 213504K, used 16368K [0x00000000e0000000, 0x00000000ee680000, 0x0000000100000000)
  eden space 197120K, 0% used [0x00000000e0000000,0x00000000e0000000,0x00000000ec080000)
  from space 16384K, 99% used [0x00000000ed480000,0x00000000ee47c020,0x00000000ee480000)
  to   space 19456K, 0% used [0x00000000ec080000,0x00000000ec080000,0x00000000ed380000)
 ParOldGen       total 100864K, used 24470K [0x00000000a0000000, 0x00000000a6280000, 0x00000000e0000000)
  object space 100864K, 24% used [0x00000000a0000000,0x00000000a17e5820,0x00000000a6280000)
 Metaspace       used 56980K, capacity 58950K, committed 59028K, reserved 1099776K
  class space    used 7794K, capacity 8242K, committed 8320K, reserved 1048576K
Event: 11.357 GC heap after
Heap after GC invocations=13 (full 3):
 PSYoungGen      total 213504K, used 0K [0x00000000e0000000, 0x00000000ee680000, 0x0000000100000000)
  eden space 197120K, 0% used [0x00000000e0000000,0x00000000e0000000,0x00000000ec080000)
  from space 16384K, 0% used [0x00000000ed480000,0x00000000ed480000,0x00000000ee480000)
  to   space 19456K, 0% used [0x00000000ec080000,0x00000000ec080000,0x00000000ed380000)
 ParOldGen       total 144384K, used 34517K [0x00000000a0000000, 0x00000000a8d00000, 0x00000000e0000000)
  object space 144384K, 23% used [0x00000000a0000000,0x00000000a21b56f8,0x00000000a8d00000)
 Metaspace       used 56774K, capacity 58370K, committed 59028K, reserved 1099776K
  class space    used 7730K, capacity 8130K, committed 8320K, reserved 1048576K
}
Event: 23.602 GC heap before
{Heap before GC invocations=14 (full 3):
 PSYoungGen      total 213504K, used 197120K [0x00000000e0000000, 0x00000000ee680000, 0x0000000100000000)
  eden space 197120K, 100% used [0x00000000e0000000,0x00000000ec080000,0x00000000ec080000)
  from space 16384K, 0% used [0x00000000ed480000,0x00000000ed480000,0x00000000ee480000)
  to   space 19456K, 0% used [0x00000000ec080000,0x00000000ec080000,0x00000000ed380000)
 ParOldGen       total 144384K, used 34517K [0x00000000a0000000, 0x00000000a8d00000, 0x00000000e0000000)
  object space 144384K, 23% used [0x00000000a0000000,0x00000000a21b56f8,0x00000000a8d00000)
 Metaspace       used 64040K, capacity 66080K, committed 66264K, reserved 1105920K
  class space    used 8427K, capacity 8911K, committed 8960K, reserved 1048576K
Event: 23.621 GC heap after
Heap after GC invocations=14 (full 3):
 PSYoungGen      total 216576K, used 16490K [0x00000000e0000000, 0x00000000f2280000, 0x0000000100000000)
  eden space 197120K, 0% used [0x00000000e0000000,0x00000000e0000000,0x00000000ec080000)
  from space 19456K, 84% used [0x00000000ec080000,0x00000000ed09a830,0x00000000ed380000)
  to   space 20992K, 0% used [0x00000000f0e00000,0x00000000f0e00000,0x00000000f2280000)
 ParOldGen       total 144384K, used 34525K [0x00000000a0000000, 0x00000000a8d00000, 0x00000000e0000000)
  object space 144384K, 23% used [0x00000000a0000000,0x00000000a21b76f8,0x00000000a8d00000)
 Metaspace       used 64040K, capacity 66080K, committed 66264K, reserved 1105920K
  class space    used 8427K, capacity 8911K, committed 8960K, reserved 1048576K
}
Event: 25.711 GC heap before
{Heap before GC invocations=15 (full 3):
 PSYoungGen      total 216576K, used 213610K [0x00000000e0000000, 0x00000000f2280000, 0x0000000100000000)
  eden space 197120K, 100% used [0x00000000e0000000,0x00000000ec080000,0x00000000ec080000)
  from space 19456K, 84% used [0x00000000ec080000,0x00000000ed09a830,0x00000000ed380000)
  to   space 20992K, 0% used [0x00000000f0e00000,0x00000000f0e00000,0x00000000f2280000)
 ParOldGen       total 144384K, used 34525K [0x00000000a0000000, 0x00000000a8d00000, 0x00000000e0000000)
  object space 144384K, 23% used [0x00000000a0000000,0x00000000a21b76f8,0x00000000a8d00000)
 Metaspace       used 67930K, capacity 70118K, committed 70232K, reserved 1110016K
  class space    used 8797K, capacity 9306K, committed 9344K, reserved 1048576K
Event: 25.745 GC heap after
Heap after GC invocations=15 (full 3):
 PSYoungGen      total 268288K, used 14731K [0x00000000e0000000, 0x00000000f1f00000, 0x0000000100000000)
  eden space 250880K, 0% used [0x00000000e0000000,0x00000000e0000000,0x00000000ef500000)
  from space 17408K, 84% used [0x00000000f0e00000,0x00000000f1c62fe0,0x00000000f1f00000)
  to   space 21504K, 0% used [0x00000000ef500000,0x00000000ef500000,0x00000000f0a00000)
 ParOldGen       total 144384K, used 46098K [0x00000000a0000000, 0x00000000a8d00000, 0x00000000e0000000)
  object space 144384K, 31% used [0x00000000a0000000,0x00000000a2d04b70,0x00000000a8d00000)
 Metaspace       used 67930K, capacity 70118K, committed 70232K, reserved 1110016K
  class space    used 8797K, capacity 9306K, committed 9344K, reserved 1048576K
}
Event: 32.048 GC heap before
{Heap before GC invocations=16 (full 3):
 PSYoungGen      total 268288K, used 265611K [0x00000000e0000000, 0x00000000f1f00000, 0x0000000100000000)
  eden space 250880K, 100% used [0x00000000e0000000,0x00000000ef500000,0x00000000ef500000)
  from space 17408K, 84% used [0x00000000f0e00000,0x00000000f1c62fe0,0x00000000f1f00000)
  to   space 21504K, 0% used [0x00000000ef500000,0x00000000ef500000,0x00000000f0a00000)
 ParOldGen       total 144384K, used 46098K [0x00000000a0000000, 0x00000000a8d00000, 0x00000000e0000000)
  object space 144384K, 31% used [0x00000000a0000000,0x00000000a2d04b70,0x00000000a8d00000)
 Metaspace       used 73663K, capacity 76044K, committed 76248K, reserved 1116160K
  class space    used 9619K, capacity 10165K, committed 10240K, reserved 1048576K
Event: 32.108 GC heap after
Heap after GC invocations=16 (full 3):
 PSYoungGen      total 272384K, used 21487K [0x00000000e0000000, 0x00000000f7700000, 0x0000000100000000)
  eden space 250880K, 0% used [0x00000000e0000000,0x00000000e0000000,0x00000000ef500000)
  from space 21504K, 99% used [0x00000000ef500000,0x00000000f09fbff0,0x00000000f0a00000)
  to   space 35840K, 0% used [0x00000000f5400000,0x00000000f5400000,0x00000000f7700000)
 ParOldGen       total 144384K, used 77734K [0x00000000a0000000, 0x00000000a8d00000, 0x00000000e0000000)
  object space 144384K, 53% used [0x00000000a0000000,0x00000000a4be9820,0x00000000a8d00000)
 Metaspace       used 73663K, capacity 76044K, committed 76248K, reserved 1116160K
  class space    used 9619K, capacity 10165K, committed 10240K, reserved 1048576K
}
Event: 38.813 GC heap before
{Heap before GC invocations=17 (full 3):
 PSYoungGen      total 272384K, used 272367K [0x00000000e0000000, 0x00000000f7700000, 0x0000000100000000)
  eden space 250880K, 100% used [0x00000000e0000000,0x00000000ef500000,0x00000000ef500000)
  from space 21504K, 99% used [0x00000000ef500000,0x00000000f09fbff0,0x00000000f0a00000)
  to   space 35840K, 0% used [0x00000000f5400000,0x00000000f5400000,0x00000000f7700000)
 ParOldGen       total 144384K, used 77734K [0x00000000a0000000, 0x00000000a8d00000, 0x00000000e0000000)
  object space 144384K, 53% used [0x00000000a0000000,0x00000000a4be9820,0x00000000a8d00000)
 Metaspace       used 80644K, capacity 83388K, committed 83544K, reserved 1122304K
  class space    used 10479K, capacity 11115K, committed 11136K, reserved 1048576K
Event: 38.861 GC heap after
Heap after GC invocations=17 (full 3):
 PSYoungGen      total 340992K, used 31141K [0x00000000e0000000, 0x00000000f7700000, 0x0000000100000000)
  eden space 305152K, 0% used [0x00000000e0000000,0x00000000e0000000,0x00000000f2a00000)
  from space 35840K, 86% used [0x00000000f5400000,0x00000000f72696b8,0x00000000f7700000)
  to   space 39424K, 0% used [0x00000000f2a00000,0x00000000f2a00000,0x00000000f5080000)
 ParOldGen       total 144384K, used 95724K [0x00000000a0000000, 0x00000000a8d00000, 0x00000000e0000000)
  object space 144384K, 66% used [0x00000000a0000000,0x00000000a5d7b268,0x00000000a8d00000)
 Metaspace       used 80644K, capacity 83388K, committed 83544K, reserved 1122304K
  class space    used 10479K, capacity 11115K, committed 11136K, reserved 1048576K
}

Deoptimization events (10 events):
Event: 43.022 Thread 0x000000001dbf5800 Uncommon trap: reason=unstable_if action=reinterpret pc=0x0000000005e6127c method=com.android.tools.r8.ir.conversion.N.c(Lcom/android/tools/r8/t/a/a/G/a;)[I @ 13
Event: 43.072 Thread 0x000000001dbf5800 Uncommon trap: reason=unstable_if action=reinterpret pc=0x0000000005e3e720 method=com.android.tools.r8.ir.conversion.N.b(Lcom/android/tools/r8/t/a/a/G/a;)Z @ 265
Event: 43.142 Thread 0x000000001dbf7000 Uncommon trap: reason=array_check action=maybe_recompile pc=0x0000000004211ae4 method=java.util.TimSort.mergeLo(IIII)V @ 81
Event: 43.143 Thread 0x000000001dbf7000 Uncommon trap: reason=array_check action=maybe_recompile pc=0x0000000004211ae4 method=java.util.TimSort.mergeLo(IIII)V @ 81
Event: 43.143 Thread 0x000000001dbf7000 Uncommon trap: reason=array_check action=maybe_recompile pc=0x0000000004211ae4 method=java.util.TimSort.mergeLo(IIII)V @ 81
Event: 43.143 Thread 0x000000001dbf7000 Uncommon trap: reason=array_check action=maybe_recompile pc=0x0000000004211ae4 method=java.util.TimSort.mergeLo(IIII)V @ 81
Event: 43.316 Thread 0x000000001dbf9800 Uncommon trap: reason=bimorphic action=maybe_recompile pc=0x000000000434f430 method=java.io.ObjectOutputStream$BlockDataOutputStream.write([BIIZ)V @ 23
Event: 43.474 Thread 0x000000001dbf8000 Uncommon trap: reason=array_check action=maybe_recompile pc=0x0000000005f7ebb8 method=java.util.TimSort.mergeLo(IIII)V @ 133
Event: 43.475 Thread 0x000000001dbf8000 Uncommon trap: reason=predicate action=maybe_recompile pc=0x0000000005f7e8c8 method=java.util.TimSort.mergeLo(IIII)V @ 153
Event: 43.657 Thread 0x000000001dbf9800 Uncommon trap: reason=unstable_if action=reinterpret pc=0x00000000060acb1c method=java.util.stream.MatchOps$BooleanTerminalSink.<init>(Ljava/util/stream/MatchOps$MatchKind;)V @ 9

Classes redefined (0 events):
No events

Internal exceptions (10 events):
Event: 44.130 Thread 0x000000001dbf8000 Exception <a 'sun/nio/fs/WindowsException'> (0x00000000f08393c8) thrown at [D:\src\AOSP-openjdk-cygwin\jdk8u\hotspot\src\share\vm\prims\jni.cpp, line 710]
Event: 44.135 Thread 0x000000001dbf8000 Exception <a 'sun/nio/fs/WindowsException'> (0x00000000f08453f8) thrown at [D:\src\AOSP-openjdk-cygwin\jdk8u\hotspot\src\share\vm\prims\jni.cpp, line 710]
Event: 44.138 Thread 0x000000001dbf8000 Exception <a 'sun/nio/fs/WindowsException'> (0x00000000f094c488) thrown at [D:\src\AOSP-openjdk-cygwin\jdk8u\hotspot\src\share\vm\prims\jni.cpp, line 710]
Event: 44.140 Thread 0x000000001dbf8000 Exception <a 'sun/nio/fs/WindowsException'> (0x00000000f0952b28) thrown at [D:\src\AOSP-openjdk-cygwin\jdk8u\hotspot\src\share\vm\prims\jni.cpp, line 710]
Event: 44.144 Thread 0x000000001dbf8000 Exception <a 'sun/nio/fs/WindowsException'> (0x00000000f095a4c8) thrown at [D:\src\AOSP-openjdk-cygwin\jdk8u\hotspot\src\share\vm\prims\jni.cpp, line 710]
Event: 44.150 Thread 0x000000001dbf8000 Exception <a 'sun/nio/fs/WindowsException'> (0x00000000f09e36f8) thrown at [D:\src\AOSP-openjdk-cygwin\jdk8u\hotspot\src\share\vm\prims\jni.cpp, line 710]
Event: 44.154 Thread 0x000000001dbf8000 Exception <a 'sun/nio/fs/WindowsException'> (0x00000000f09ea050) thrown at [D:\src\AOSP-openjdk-cygwin\jdk8u\hotspot\src\share\vm\prims\jni.cpp, line 710]
Event: 44.156 Thread 0x000000001dbf8000 Exception <a 'sun/nio/fs/WindowsException'> (0x00000000f09f17a8) thrown at [D:\src\AOSP-openjdk-cygwin\jdk8u\hotspot\src\share\vm\prims\jni.cpp, line 710]
Event: 44.159 Thread 0x000000001dbf8000 Exception <a 'sun/nio/fs/WindowsException'> (0x00000000f0ab9e70) thrown at [D:\src\AOSP-openjdk-cygwin\jdk8u\hotspot\src\share\vm\prims\jni.cpp, line 710]
Event: 44.162 Thread 0x000000001dbf8000 Exception <a 'sun/nio/fs/WindowsException'> (0x00000000f0ac0598) thrown at [D:\src\AOSP-openjdk-cygwin\jdk8u\hotspot\src\share\vm\prims\jni.cpp, line 710]

Events (10 events):
Event: 43.978 Thread 0x000000001dbf7000 DEOPT PACKING pc=0x00000000053d350d sp=0x000000002666d990
Event: 43.978 Thread 0x000000001dbf7000 DEOPT UNPACKING pc=0x00000000034075d0 sp=0x000000002666d780 mode 0
Event: 44.146 Executing VM operation: RevokeBias
Event: 44.146 Executing VM operation: RevokeBias done
Event: 44.146 Thread 0x000000001dbf4000 Thread exited: 0x000000001dbf4000
Event: 44.146 Executing VM operation: RevokeBias
Event: 44.147 Executing VM operation: RevokeBias done
Event: 44.147 Thread 0x000000001dbed800 Thread exited: 0x000000001dbed800
Event: 44.164 loading class com/android/build/gradle/internal/pipeline/SubStream$SubStreamAdapter
Event: 44.164 loading class com/android/build/gradle/internal/pipeline/SubStream$SubStreamAdapter done


Dynamic libraries:
0x00007ff7f1280000 - 0x00007ff7f12b1000 	C:\Program Files\Android\Android Studio\jre\bin\java.exe
0x00007ffbbb7e0000 - 0x00007ffbbb9d0000 	C:\WINDOWS\SYSTEM32\ntdll.dll
0x00007ffbba9f0000 - 0x00007ffbbaaa2000 	C:\WINDOWS\System32\KERNEL32.DLL
0x00007ffbb9160000 - 0x00007ffbb9403000 	C:\WINDOWS\System32\KERNELBASE.dll
0x00007ffbbb5d0000 - 0x00007ffbbb673000 	C:\WINDOWS\System32\ADVAPI32.dll
0x00007ffbba130000 - 0x00007ffbba1ce000 	C:\WINDOWS\System32\msvcrt.dll
0x00007ffbbb530000 - 0x00007ffbbb5c7000 	C:\WINDOWS\System32\sechost.dll
0x00007ffbbb680000 - 0x00007ffbbb7a0000 	C:\WINDOWS\System32\RPCRT4.dll
0x00007ffbbab80000 - 0x00007ffbbad14000 	C:\WINDOWS\System32\USER32.dll
0x00007ffbb9570000 - 0x00007ffbb9591000 	C:\WINDOWS\System32\win32u.dll
0x00007ffbb9890000 - 0x00007ffbb98b6000 	C:\WINDOWS\System32\GDI32.dll
0x00007ffbb96f0000 - 0x00007ffbb9884000 	C:\WINDOWS\System32\gdi32full.dll
0x00007ffbb8f70000 - 0x00007ffbb900e000 	C:\WINDOWS\System32\msvcp_win.dll
0x00007ffbb95a0000 - 0x00007ffbb969a000 	C:\WINDOWS\System32\ucrtbase.dll
0x00007ffba5670000 - 0x00007ffba58f5000 	C:\WINDOWS\WinSxS\amd64_microsoft.windows.common-controls_6595b64144ccf1df_6.0.18362.476_none_e6c4b11b130f2595\COMCTL32.dll
0x00007ffbb9d70000 - 0x00007ffbba0a6000 	C:\WINDOWS\System32\combase.dll
0x00007ffbb9440000 - 0x00007ffbb94c0000 	C:\WINDOWS\System32\bcryptPrimitives.dll
0x00007ffbbb020000 - 0x00007ffbbb04e000 	C:\WINDOWS\System32\IMM32.DLL
0x0000000059d60000 - 0x0000000059e32000 	C:\Program Files\Android\Android Studio\jre\jre\bin\msvcr100.dll
0x0000000059f50000 - 0x000000005a796000 	C:\Program Files\Android\Android Studio\jre\jre\bin\server\jvm.dll
0x00007ffbb98c0000 - 0x00007ffbb98c8000 	C:\WINDOWS\System32\PSAPI.DLL
0x00007ffba48a0000 - 0x00007ffba48a9000 	C:\WINDOWS\SYSTEM32\WSOCK32.dll
0x00007ffba92d0000 - 0x00007ffba92da000 	C:\WINDOWS\SYSTEM32\VERSION.dll
0x00007ffbb5c90000 - 0x00007ffbb5cb4000 	C:\WINDOWS\SYSTEM32\WINMM.dll
0x00007ffbba980000 - 0x00007ffbba9ef000 	C:\WINDOWS\System32\WS2_32.dll
0x00007ffbb5c60000 - 0x00007ffbb5c8d000 	C:\WINDOWS\SYSTEM32\winmmbase.dll
0x00007ffbb96a0000 - 0x00007ffbb96ea000 	C:\WINDOWS\System32\cfgmgr32.dll
0x00007ffbb2f10000 - 0x00007ffbb2f1f000 	C:\Program Files\Android\Android Studio\jre\jre\bin\verify.dll
0x00007ffbb0d20000 - 0x00007ffbb0d49000 	C:\Program Files\Android\Android Studio\jre\jre\bin\java.dll
0x00007ffbb2ef0000 - 0x00007ffbb2f06000 	C:\Program Files\Android\Android Studio\jre\jre\bin\zip.dll
0x00007ffbba230000 - 0x00007ffbba915000 	C:\WINDOWS\System32\SHELL32.dll
0x00007ffbb9b10000 - 0x00007ffbb9bb9000 	C:\WINDOWS\System32\shcore.dll
0x00007ffbb87f0000 - 0x00007ffbb8f6e000 	C:\WINDOWS\System32\windows.storage.dll
0x00007ffbb86e0000 - 0x00007ffbb86ff000 	C:\WINDOWS\System32\profapi.dll
0x00007ffbb8720000 - 0x00007ffbb876a000 	C:\WINDOWS\System32\powrprof.dll
0x00007ffbb86b0000 - 0x00007ffbb86c0000 	C:\WINDOWS\System32\UMPDC.dll
0x00007ffbba920000 - 0x00007ffbba972000 	C:\WINDOWS\System32\shlwapi.dll
0x00007ffbb86c0000 - 0x00007ffbb86d1000 	C:\WINDOWS\System32\kernel.appcore.dll
0x00007ffbb8770000 - 0x00007ffbb8787000 	C:\WINDOWS\System32\cryptsp.dll
0x00007ffbb2de0000 - 0x00007ffbb2dfa000 	C:\Program Files\Android\Android Studio\jre\jre\bin\net.dll
0x00007ffbb7ec0000 - 0x00007ffbb7f27000 	C:\WINDOWS\system32\mswsock.dll
0x00007ffbb14b0000 - 0x00007ffbb14c1000 	C:\Program Files\Android\Android Studio\jre\jre\bin\nio.dll
0x00007ffbad280000 - 0x00007ffbad2a6000 	C:\Users\LeeJongBeom\.gradle\native\29\windows-amd64\native-platform.dll
0x00007ffbb14e0000 - 0x00007ffbb14ed000 	C:\Program Files\Android\Android Studio\jre\jre\bin\management.dll
0x00007ffbb7a30000 - 0x00007ffbb7a63000 	C:\WINDOWS\system32\rsaenh.dll
0x00007ffbb9410000 - 0x00007ffbb9436000 	C:\WINDOWS\System32\bcrypt.dll
0x00007ffbb85d0000 - 0x00007ffbb85f5000 	C:\WINDOWS\SYSTEM32\USERENV.dll
0x00007ffbb80f0000 - 0x00007ffbb80fc000 	C:\WINDOWS\SYSTEM32\CRYPTBASE.dll
0x00007ffbb7bd0000 - 0x00007ffbb7c0a000 	C:\WINDOWS\SYSTEM32\IPHLPAPI.DLL
0x00007ffbbada0000 - 0x00007ffbbada8000 	C:\WINDOWS\System32\NSI.dll
0x00007ffbb0890000 - 0x00007ffbb08a6000 	C:\WINDOWS\SYSTEM32\dhcpcsvc6.DLL
0x00007ffbb0100000 - 0x00007ffbb011c000 	C:\WINDOWS\SYSTEM32\dhcpcsvc.DLL
0x00007ffbb7c10000 - 0x00007ffbb7cda000 	C:\WINDOWS\SYSTEM32\DNSAPI.dll
0x00007ffb85580000 - 0x00007ffb8571c000 	C:\Program Files\Android\Android Studio\jre\jre\bin\awt.dll
0x00007ffbb98d0000 - 0x00007ffbb9994000 	C:\WINDOWS\System32\OLEAUT32.dll
0x00007ffbb6aa0000 - 0x00007ffbb6acd000 	C:\WINDOWS\SYSTEM32\dwmapi.dll
0x00007ffbb49b0000 - 0x00007ffbb4f70000 	C:\WINDOWS\SYSTEM32\d2d1.dll
0x00007ffbb5f30000 - 0x00007ffbb5fbf000 	C:\WINDOWS\SYSTEM32\apphelp.dll
0x00007ffbb62f0000 - 0x00007ffbb6389000 	C:\WINDOWS\system32\uxtheme.dll

VM Arguments:
jvm_args: -Xmx1536m -Dfile.encoding=x-windows-949 -Duser.country=KR -Duser.language=ko -Duser.variant 
java_command: org.gradle.launcher.daemon.bootstrap.GradleDaemon 5.4.1
java_class_path (initial): C:\Users\LeeJongBeom\.gradle\wrapper\dists\gradle-5.4.1-all\3221gyojl5jsh0helicew7rwx\gradle-5.4.1\lib\gradle-launcher-5.4.1.jar
Launcher Type: SUN_STANDARD

Environment Variables:
JAVA_HOME=C:\Program Files\Java\jdk-11.0.2
PATH=C:\Program Files\Java\jdk-11.0.2\bin;C:\ProgramData\Oracle\Java\javapath;C:\Program Files (x86)\Intel\iCLS Client\;C:\Program Files\Intel\iCLS Client\;C:\WINDOWS\system32;C:\WINDOWS;C:\WINDOWS\System32\Wbem;C:\WINDOWS\System32\WindowsPowerShell\v1.0\;C:\Program Files\Intel\WiFi\bin\;C:\Program Files\Common Files\Intel\WirelessCommon\;C:\Program Files (x86)\Intel\Intel(R) Management Engine Components\DAL;C:\Program Files\Intel\Intel(R) Management Engine Components\DAL;C:\Program Files (x86)\Intel\Intel(R) Management Engine Components\IPT;C:\Program Files\Intel\Intel(R) Management Engine Components\IPT;C:\WINDOWS\System32\OpenSSH\;C:\Program Files (x86)\Windows Live\Shared;C:\Program Files\Git\cmd;C:\Program Files\MySQL\MySQL Server 8.0\bin;C:\Program Files\mingw-w64\x86_64-8.1.0-posix-seh-rt_v6-rev0\mingw64\bin;C:\Program Files\OpenSSL-Win64\bin;C:\Python\Python38-32;C:\Python\Python38-32\Scripts\;C:\Python\Python38-32\;C:\Program Files\MySQL\MySQL Shell 8.0\bin\;C:\Users\LeeJongBeom\AppData\Local\Microsoft\WindowsApps;C:\Users\LeeJongBeom\AppData\Local\Programs\Microsoft VS Code\bin;C:\Users\LeeJongBeom\AppData\Local\GitHubDesktop\bin;C:\Program Files (x86)\ESTsoft\ALSee\x64
USERNAME=LeeJongBeom
OS=Windows_NT
PROCESSOR_IDENTIFIER=Intel64 Family 6 Model 142 Stepping 10, GenuineIntel



---------------  S Y S T E M  ---------------

OS: Windows 10.0 , 64 bit Build 18362 (10.0.18362.329)

CPU:total 8 (initial active 8) (4 cores per cpu, 2 threads per core) family 6 model 142 stepping 10, cmov, cx8, fxsr, mmx, sse, sse2, sse3, ssse3, sse4.1, sse4.2, popcnt, avx, avx2, aes, clmul, erms, 3dnowpref, lzcnt, ht, tsc, tscinvbit, bmi1, bmi2, adx

Memory: 4k page, physical 12412176k(3135124k free), swap 38945056k(1644k free)

vm_info: OpenJDK 64-Bit Server VM (25.202-b03) for windows-amd64 JRE (1.8.0_202-release-1483-b03), built by "builder" with MS VC++ 10.0 (VS2010)

time: Thu Nov 21 14:27:26 2019
timezone: 대한민국 표준시
elapsed time: 44 seconds (0d 0h 0m 44s)

